  % Total    % Received % Xferd  Average Speed  Time    Time    Time   Current
                                 Dload  Upload  Total   Spent   Left   Speed
  0      0   0      0   0      0      0      0                              0100     93 100     40 100     53    194    257                              0100     93 100     40 100     53    194    257                              0100     93 100     40 100     53    194    257                              0
HTTP/1.1 200 OK
Content-Security-Policy: default-src 'self';base-uri 'self';font-src 'self' https: data:;form-action 'self';frame-ancestors 'self';img-src 'self' data:;object-src 'none';script-src 'self';script-src-attr 'none';style-src 'self' https: 'unsafe-inline';upgrade-insecure-requests
Cross-Origin-Opener-Policy: same-origin
Cross-Origin-Resource-Policy: same-origin
Origin-Agent-Cluster: ?1
Referrer-Policy: no-referrer
Strict-Transport-Security: max-age=15552000; includeSubDomains
X-Content-Type-Options: nosniff
X-DNS-Prefetch-Control: off
X-Download-Options: noopen
X-Frame-Options: SAMEORIGIN
X-Permitted-Cross-Domain-Policies: none
X-XSS-Protection: 0
RateLimit-Policy: 50;w=60
RateLimit-Limit: 50
RateLimit-Remaining: 49
RateLimit-Reset: 57
Content-Type: application/json; charset=utf-8
Content-Length: 40
ETag: W/"28-ginbQ3ncTmuj+3ubj2g5jSTT/j0"
Set-Cookie: connect.sid=s%3ACLn4UFBUlNQE9j6gnbA3feXDEbfyLl-_.xY%2FxsDHpv68CVdOK2KD6IAYaMXM44ydE2dKtVYr5WeM; Path=/; Expires=Sat, 21 Mar 2026 13:08:50 GMT; HttpOnly
Date: Fri, 20 Mar 2026 13:08:50 GMT
Connection: keep-alive
Keep-Alive: timeout=5

{"success":true,"data":{"role":"Guest"}}