  % Total    % Received % Xferd  Average Speed  Time    Time    Time   Current
                                 Dload  Upload  Total   Spent   Left   Speed
  0      0   0      0   0      0      0      0                              0100    154 100     61 100     93    270    412                              0100    154 100     61 100     93    270    411                              0100    154 100     61 100     93    270    411                              0
HTTP/1.1 201 Created
Content-Security-Policy: default-src 'self';base-uri 'self';font-src 'self' https: data:;form-action 'self';frame-ancestors 'self';img-src 'self' data:;object-src 'none';script-src 'self';script-src-attr 'none';style-src 'self' https: 'unsafe-inline';upgrade-insecure-requests
Cross-Origin-Opener-Policy: same-origin
Cross-Origin-Resource-Policy: same-origin
Origin-Agent-Cluster: ?1
Referrer-Policy: no-referrer
Strict-Transport-Security: max-age=15552000; includeSubDomains
X-Content-Type-Options: nosniff
X-DNS-Prefetch-Control: off
X-Download-Options: noopen
X-Frame-Options: SAMEORIGIN
X-Permitted-Cross-Domain-Policies: none
X-XSS-Protection: 0
RateLimit-Policy: 50;w=60
RateLimit-Limit: 50
RateLimit-Remaining: 49
RateLimit-Reset: 57
Content-Type: application/json; charset=utf-8
Content-Length: 61
ETag: W/"3d-L1qcz7tiKDxHbauFXPi5bmyNaxY"
Date: Fri, 20 Mar 2026 13:08:13 GMT
Connection: keep-alive
Keep-Alive: timeout=5

{"success":true,"data":{"message":"Registration successful"}}